{"C:\\Users\\brand\\Desktop\\Brightcoders\\reto-juego-de-boliche-logic-legends\\src\\bowling.ts": {"path":"C:\\Users\\brand\\Desktop\\Brightcoders\\reto-juego-de-boliche-logic-legends\\src\\bowling.ts","statementMap":{"0":{"start":{"line":7,"column":4},"end":{"line":7,"column":21}},"1":{"start":{"line":8,"column":4},"end":{"line":8,"column":30}},"2":{"start":{"line":9,"column":4},"end":{"line":9,"column":24}},"3":{"start":{"line":13,"column":4},"end":{"line":13,"column":55}},"4":{"start":{"line":17,"column":4},"end":{"line":17,"column":32}},"5":{"start":{"line":21,"column":4},"end":{"line":21,"column":69}},"6":{"start":{"line":25,"column":4},"end":{"line":25,"column":100}},"7":{"start":{"line":29,"column":4},"end":{"line":29,"column":45}},"8":{"start":{"line":30,"column":4},"end":{"line":30,"column":27}},"9":{"start":{"line":35,"column":4},"end":{"line":35,"column":35}},"10":{"start":{"line":35,"column":28},"end":{"line":35,"column":35}},"11":{"start":{"line":36,"column":4},"end":{"line":41,"column":5}},"12":{"start":{"line":37,"column":6},"end":{"line":37,"column":65}},"13":{"start":{"line":39,"column":9},"end":{"line":41,"column":5}},"14":{"start":{"line":40,"column":6},"end":{"line":40,"column":51}},"15":{"start":{"line":45,"column":4},"end":{"line":45,"column":40}},"16":{"start":{"line":45,"column":33},"end":{"line":45,"column":40}},"17":{"start":{"line":46,"column":4},"end":{"line":52,"column":5}},"18":{"start":{"line":47,"column":6},"end":{"line":47,"column":46}},"19":{"start":{"line":48,"column":6},"end":{"line":48,"column":46}},"20":{"start":{"line":51,"column":6},"end":{"line":51,"column":46}},"21":{"start":{"line":56,"column":4},"end":{"line":56,"column":32}},"22":{"start":{"line":57,"column":4},"end":{"line":57,"column":47}},"23":{"start":{"line":58,"column":4},"end":{"line":58,"column":66}},"24":{"start":{"line":59,"column":4},"end":{"line":59,"column":49}},"25":{"start":{"line":63,"column":4},"end":{"line":66,"column":5}},"26":{"start":{"line":63,"column":17},"end":{"line":63,"column":18}},"27":{"start":{"line":64,"column":6},"end":{"line":64,"column":26}},"28":{"start":{"line":65,"column":6},"end":{"line":65,"column":20}},"29":{"start":{"line":67,"column":4},"end":{"line":67,"column":30}},"30":{"start":{"line":71,"column":4},"end":{"line":74,"column":5}},"31":{"start":{"line":71,"column":17},"end":{"line":71,"column":18}},"32":{"start":{"line":72,"column":6},"end":{"line":72,"column":122}},"33":{"start":{"line":73,"column":6},"end":{"line":73,"column":51}},"34":{"start":{"line":75,"column":4},"end":{"line":75,"column":59}}},"fnMap":{"0":{"name":"(anonymous_0)","decl":{"start":{"line":6,"column":2},"end":{"line":6,"column":3}},"loc":{"start":{"line":6,"column":16},"end":{"line":10,"column":3}},"line":6},"1":{"name":"(anonymous_1)","decl":{"start":{"line":12,"column":2},"end":{"line":12,"column":3}},"loc":{"start":{"line":12,"column":32},"end":{"line":14,"column":3}},"line":12},"2":{"name":"(anonymous_2)","decl":{"start":{"line":16,"column":2},"end":{"line":16,"column":3}},"loc":{"start":{"line":16,"column":9},"end":{"line":18,"column":3}},"line":16},"3":{"name":"(anonymous_3)","decl":{"start":{"line":20,"column":2},"end":{"line":20,"column":3}},"loc":{"start":{"line":20,"column":31},"end":{"line":22,"column":3}},"line":20},"4":{"name":"(anonymous_4)","decl":{"start":{"line":24,"column":2},"end":{"line":24,"column":3}},"loc":{"start":{"line":24,"column":32},"end":{"line":26,"column":3}},"line":24},"5":{"name":"(anonymous_5)","decl":{"start":{"line":28,"column":2},"end":{"line":28,"column":3}},"loc":{"start":{"line":28,"column":30},"end":{"line":31,"column":3}},"line":28},"6":{"name":"(anonymous_6)","decl":{"start":{"line":34,"column":2},"end":{"line":34,"column":3}},"loc":{"start":{"line":34,"column":28},"end":{"line":42,"column":3}},"line":34},"7":{"name":"(anonymous_7)","decl":{"start":{"line":44,"column":2},"end":{"line":44,"column":3}},"loc":{"start":{"line":44,"column":22},"end":{"line":53,"column":3}},"line":44},"8":{"name":"(anonymous_8)","decl":{"start":{"line":55,"column":2},"end":{"line":55,"column":3}},"loc":{"start":{"line":55,"column":34},"end":{"line":60,"column":3}},"line":55},"9":{"name":"(anonymous_9)","decl":{"start":{"line":62,"column":2},"end":{"line":62,"column":3}},"loc":{"start":{"line":62,"column":16},"end":{"line":68,"column":3}},"line":62},"10":{"name":"(anonymous_10)","decl":{"start":{"line":70,"column":2},"end":{"line":70,"column":3}},"loc":{"start":{"line":70,"column":15},"end":{"line":76,"column":3}},"line":70}},"branchMap":{"0":{"loc":{"start":{"line":35,"column":4},"end":{"line":35,"column":35}},"type":"if","locations":[{"start":{"line":35,"column":4},"end":{"line":35,"column":35}},{"start":{},"end":{}}],"line":35},"1":{"loc":{"start":{"line":36,"column":4},"end":{"line":41,"column":5}},"type":"if","locations":[{"start":{"line":36,"column":4},"end":{"line":41,"column":5}},{"start":{"line":39,"column":9},"end":{"line":41,"column":5}}],"line":36},"2":{"loc":{"start":{"line":39,"column":9},"end":{"line":41,"column":5}},"type":"if","locations":[{"start":{"line":39,"column":9},"end":{"line":41,"column":5}},{"start":{},"end":{}}],"line":39},"3":{"loc":{"start":{"line":45,"column":4},"end":{"line":45,"column":40}},"type":"if","locations":[{"start":{"line":45,"column":4},"end":{"line":45,"column":40}},{"start":{},"end":{}}],"line":45},"4":{"loc":{"start":{"line":46,"column":4},"end":{"line":52,"column":5}},"type":"if","locations":[{"start":{"line":46,"column":4},"end":{"line":52,"column":5}},{"start":{"line":50,"column":8},"end":{"line":52,"column":5}}],"line":46}},"s":{"0":4,"1":4,"2":4,"3":4,"4":1,"5":2,"6":1,"7":1,"8":0,"9":2,"10":0,"11":2,"12":1,"13":1,"14":1,"15":0,"16":0,"17":0,"18":0,"19":0,"20":0,"21":1,"22":1,"23":1,"24":1,"25":0,"26":0,"27":0,"28":0,"29":0,"30":0,"31":0,"32":0,"33":0,"34":0},"f":{"0":4,"1":4,"2":1,"3":2,"4":1,"5":1,"6":2,"7":0,"8":1,"9":0,"10":0},"b":{"0":[0,2],"1":[1,1],"2":[1,0],"3":[0,0],"4":[0,0]},"_coverageSchema":"1a1c01bbd47fc00a2c39e90264f33305004495a9","hash":"fc86b953a0693053d1b21621f3f7d66fb79c86a1"}
}
