TN:
SF:src\bowling.ts
FN:10,(anonymous_0)
FN:16,(anonymous_1)
FN:20,(anonymous_2)
FN:24,(anonymous_3)
FN:28,(anonymous_4)
FN:32,(anonymous_5)
FN:42,(anonymous_6)
FN:59,(anonymous_7)
FN:83,(anonymous_8)
FN:90,(anonymous_9)
FN:97,(anonymous_10)
FNF:11
FNH:8
FNDA:4,(anonymous_0)
FNDA:4,(anonymous_1)
FNDA:1,(anonymous_2)
FNDA:2,(anonymous_3)
FNDA:10,(anonymous_4)
FNDA:1,(anonymous_5)
FNDA:2,(anonymous_6)
FNDA:0,(anonymous_7)
FNDA:1,(anonymous_8)
FNDA:0,(anonymous_9)
FNDA:0,(anonymous_10)
DA:11,4
DA:12,4
DA:13,4
DA:17,4
DA:21,1
DA:25,2
DA:29,10
DA:33,1
DA:34,1
DA:35,10
DA:38,1
DA:43,2
DA:44,2
DA:45,1
DA:47,1
DA:48,1
DA:60,0
DA:61,0
DA:62,0
DA:84,1
DA:85,1
DA:86,1
DA:87,1
DA:91,0
DA:92,0
DA:93,0
DA:98,0
DA:99,0
DA:100,0
LF:29
LH:20
BRDA:43,0,0,0
BRDA:43,0,1,2
BRDA:44,1,0,1
BRDA:44,1,1,1
BRDA:47,2,0,1
BRDA:47,2,1,0
BRDA:60,3,0,0
BRDA:60,3,1,0
BRDA:61,4,0,0
BRDA:61,4,1,0
BRF:10
BRH:4
end_of_record
